D:\ParkingService\ParkingService\ParkingApp\ClientApp\app\components\app\app.component.js
D:\ParkingService\ParkingService\ParkingApp\ClientApp\app\components\app\app.component.js.map
D:\ParkingService\ParkingService\ParkingApp\ClientApp\app\components\navmenu\navmenu.component.js
D:\ParkingService\ParkingService\ParkingApp\ClientApp\app\components\navmenu\navmenu.component.js.map
D:\ParkingService\ParkingService\ParkingApp\ClientApp\app\components\home\home.component.js
D:\ParkingService\ParkingService\ParkingApp\ClientApp\app\components\home\home.component.js.map
D:\ParkingService\ParkingService\ParkingApp\ClientApp\app\components\fetchdata\fetchdata.component.js
D:\ParkingService\ParkingService\ParkingApp\ClientApp\app\components\fetchdata\fetchdata.component.js.map
D:\ParkingService\ParkingService\ParkingApp\ClientApp\app\components\counter\counter.component.js
D:\ParkingService\ParkingService\ParkingApp\ClientApp\app\components\counter\counter.component.js.map
D:\ParkingService\ParkingService\ParkingApp\ClientApp\app\app.shared.module.js
D:\ParkingService\ParkingService\ParkingApp\ClientApp\app\app.shared.module.js.map
D:\ParkingService\ParkingService\ParkingApp\ClientApp\app\app.browser.module.js
D:\ParkingService\ParkingService\ParkingApp\ClientApp\app\app.browser.module.js.map
D:\ParkingService\ParkingService\ParkingApp\ClientApp\boot.browser.js
D:\ParkingService\ParkingService\ParkingApp\ClientApp\boot.browser.js.map
D:\ParkingService\ParkingService\ParkingApp\ClientApp\app\app.server.module.js
D:\ParkingService\ParkingService\ParkingApp\ClientApp\app\app.server.module.js.map
D:\ParkingService\ParkingService\ParkingApp\ClientApp\boot.server.js
D:\ParkingService\ParkingService\ParkingApp\ClientApp\boot.server.js.map
D:\ParkingService\ParkingService\ParkingApp\ClientApp\test\boot-tests.js
D:\ParkingService\ParkingService\ParkingApp\ClientApp\test\boot-tests.js.map
D:\ParkingService\ParkingService\ParkingApp\ClientApp\app\components\counter\counter.component.spec.js
D:\ParkingService\ParkingService\ParkingApp\ClientApp\app\components\counter\counter.component.spec.js.map
